<?xml version="1.0" encoding="UTF-8"?>
<!-- Generated by org.testng.reporters.JUnitXMLReporter -->
<testsuite hostname="ridwan-PC" name="Default test" tests="9" failures="0" timestamp="8 Jun 2014 19:49:26 GMT" time="0.192" errors="0">
  <testcase name="foysal10" time="0.018" classname="com.bit.testng.TestngExample"/>
  <testcase name="foysal3" time="0.004" classname="com.bit.testng.TestngExample"/>
  <testcase name="foysal4" time="0.003" classname="com.bit.testng.TestngExample"/>
  <testcase name="foysal5" time="0.002" classname="com.bit.testng.TestngExample"/>
  <testcase name="foysal6" time="0.002" classname="com.bit.testng.TestngExample"/>
  <testcase name="foysal7" time="0.002" classname="com.bit.testng.TestngExample"/>
  <testcase name="foysal8" time="0.002" classname="com.bit.testng.TestngExample"/>
  <testcase name="foysal9" time="0.003" classname="com.bit.testng.TestngExample"/>
  <testcase name="foysal2" time="0.004" classname="com.bit.testng.TestngExample"/>
</testsuite> <!-- Default test -->
