<?xml version="1.0" encoding="UTF-8"?>
<!-- Generated by org.testng.reporters.JUnitXMLReporter -->
<testsuite hostname="Admin-PC" name="Default test" tests="9" failures="0" timestamp="9 Jun 2014 00:59:28 GMT" time="0.11" errors="0">
  <testcase name="foysal10" time="0.01" classname="com.bit.testng.TestngExample"/>
  <testcase name="foysal3" time="0.0" classname="com.bit.testng.TestngExample"/>
  <testcase name="foysal4" time="0.0" classname="com.bit.testng.TestngExample"/>
  <testcase name="foysal5" time="0.01" classname="com.bit.testng.TestngExample"/>
  <testcase name="foysal6" time="0.0" classname="com.bit.testng.TestngExample"/>
  <testcase name="foysal7" time="0.0" classname="com.bit.testng.TestngExample"/>
  <testcase name="foysal8" time="0.0" classname="com.bit.testng.TestngExample"/>
  <testcase name="foysal9" time="0.0" classname="com.bit.testng.TestngExample"/>
  <testcase name="foysal2" time="0.0" classname="com.bit.testng.TestngExample"/>
</testsuite> <!-- Default test -->
