<?xml version="1.0" encoding="UTF-8"?>
<testng-results skipped="0" failed="0" total="1" passed="1">
  <reporter-output>
  </reporter-output>
  <suite name="Default suite" duration-ms="25104" started-at="2014-06-18T00:13:30Z" finished-at="2014-06-18T00:13:55Z">
    <groups>
    </groups>
    <test name="Default test" duration-ms="25104" started-at="2014-06-18T00:13:30Z" finished-at="2014-06-18T00:13:55Z">
      <class name="SmokeTest">
        <test-method status="PASS" signature="rightClick()[pri:0, instance:SmokeTest@5513858]" name="rightClick" duration-ms="25054" started-at="2014-06-17T20:13:30Z" finished-at="2014-06-17T20:13:55Z">
          <reporter-output>
          </reporter-output>
        </test-method> <!-- rightClick -->
      </class> <!-- SmokeTest -->
    </test> <!-- Default test -->
  </suite> <!-- Default suite -->
</testng-results>
